Performing C++ SOURCE FILE Test HAVE_ARM64_CRC32C failed with the following output:
Change Dir: /usr/lib/crc32c/build/CMakeFiles/CMakeTmp

Run Build Command:"/usr/bin/make" "cmTC_cb74f/fast"
/usr/bin/make -f CMakeFiles/cmTC_cb74f.dir/build.make CMakeFiles/cmTC_cb74f.dir/build
make[1]: Entering directory '/usr/lib/crc32c/build/CMakeFiles/CMakeTmp'
Building CXX object CMakeFiles/cmTC_cb74f.dir/src.cxx.o
/usr/bin/c++    -Wall -Wextra -Werror -fno-exceptions -fno-rtti -DHAVE_ARM64_CRC32C  -march=armv8-a+crc+crypto   -o CMakeFiles/cmTC_cb74f.dir/src.cxx.o -c /usr/lib/crc32c/build/CMakeFiles/CMakeTmp/src.cxx
cc1plus: error: bad value (‘armv8-a+crc+crypto’) for ‘-march=’ switch
cc1plus: note: valid arguments to ‘-march=’ switch are: nocona core2 nehalem corei7 westmere sandybridge corei7-avx ivybridge core-avx-i haswell core-avx2 broadwell skylake skylake-avx512 cannonlake icelake-client icelake-server bonnell atom silvermont slm knl knm x86-64 eden-x2 nano nano-1000 nano-2000 nano-3000 nano-x2 eden-x4 nano-x4 k8 k8-sse3 opteron opteron-sse3 athlon64 athlon64-sse3 athlon-fx amdfam10 barcelona bdver1 bdver2 bdver3 bdver4 znver1 btver1 btver2 native
make[1]: *** [CMakeFiles/cmTC_cb74f.dir/build.make:66: CMakeFiles/cmTC_cb74f.dir/src.cxx.o] Error 1
make[1]: Leaving directory '/usr/lib/crc32c/build/CMakeFiles/CMakeTmp'
make: *** [Makefile:121: cmTC_cb74f/fast] Error 2

Source file was:

#include <arm_acle.h>
#include <arm_neon.h>

int main() {
  __crc32cb(0, 0); __crc32ch(0, 0); __crc32cw(0, 0); __crc32cd(0, 0);
  vmull_p64(0, 0);
  return 0;
}

Performing C++ SOURCE FILE Test HAVE_STRONG_GETAUXVAL failed with the following output:
Change Dir: /usr/lib/crc32c/build/CMakeFiles/CMakeTmp

Run Build Command:"/usr/bin/make" "cmTC_96276/fast"
/usr/bin/make -f CMakeFiles/cmTC_96276.dir/build.make CMakeFiles/cmTC_96276.dir/build
make[1]: Entering directory '/usr/lib/crc32c/build/CMakeFiles/CMakeTmp'
Building CXX object CMakeFiles/cmTC_96276.dir/src.cxx.o
/usr/bin/c++    -Wall -Wextra -Werror -fno-exceptions -fno-rtti -DHAVE_STRONG_GETAUXVAL   -o CMakeFiles/cmTC_96276.dir/src.cxx.o -c /usr/lib/crc32c/build/CMakeFiles/CMakeTmp/src.cxx
/usr/lib/crc32c/build/CMakeFiles/CMakeTmp/src.cxx:2:10: fatal error: arm_acle.h: No such file or directory
 #include <arm_acle.h>
          ^~~~~~~~~~~~
compilation terminated.
make[1]: *** [CMakeFiles/cmTC_96276.dir/build.make:66: CMakeFiles/cmTC_96276.dir/src.cxx.o] Error 1
make[1]: Leaving directory '/usr/lib/crc32c/build/CMakeFiles/CMakeTmp'
make: *** [Makefile:121: cmTC_96276/fast] Error 2

Source file was:

#include <arm_acle.h>
#include <arm_neon.h>
#include <sys/auxv.h>

int main() {
  getauxval(AT_HWCAP);
  return 0;
}

Determining if the pthread_create exist failed with the following output:
Change Dir: /usr/lib/crc32c/build/CMakeFiles/CMakeTmp

Run Build Command:"/usr/bin/make" "cmTC_4f030/fast"
/usr/bin/make -f CMakeFiles/cmTC_4f030.dir/build.make CMakeFiles/cmTC_4f030.dir/build
make[1]: Entering directory '/usr/lib/crc32c/build/CMakeFiles/CMakeTmp'
Building C object CMakeFiles/cmTC_4f030.dir/CheckSymbolExists.c.o
/usr/bin/cc    -o CMakeFiles/cmTC_4f030.dir/CheckSymbolExists.c.o   -c /usr/lib/crc32c/build/CMakeFiles/CMakeTmp/CheckSymbolExists.c
Linking C executable cmTC_4f030
/usr/bin/cmake -E cmake_link_script CMakeFiles/cmTC_4f030.dir/link.txt --verbose=1
/usr/bin/cc      -rdynamic CMakeFiles/cmTC_4f030.dir/CheckSymbolExists.c.o  -o cmTC_4f030 
/usr/bin/ld: CMakeFiles/cmTC_4f030.dir/CheckSymbolExists.c.o: in function `main':
CheckSymbolExists.c:(.text+0x1b): undefined reference to `pthread_create'
collect2: error: ld returned 1 exit status
make[1]: *** [CMakeFiles/cmTC_4f030.dir/build.make:87: cmTC_4f030] Error 1
make[1]: Leaving directory '/usr/lib/crc32c/build/CMakeFiles/CMakeTmp'
make: *** [Makefile:121: cmTC_4f030/fast] Error 2

File /usr/lib/crc32c/build/CMakeFiles/CMakeTmp/CheckSymbolExists.c:
/* */
#include <pthread.h>

int main(int argc, char** argv)
{
  (void)argv;
#ifndef pthread_create
  return ((int*)(&pthread_create))[argc];
#else
  (void)argc;
  return 0;
#endif
}

Determining if the function pthread_create exists in the pthreads failed with the following output:
Change Dir: /usr/lib/crc32c/build/CMakeFiles/CMakeTmp

Run Build Command:"/usr/bin/make" "cmTC_c6ae6/fast"
/usr/bin/make -f CMakeFiles/cmTC_c6ae6.dir/build.make CMakeFiles/cmTC_c6ae6.dir/build
make[1]: Entering directory '/usr/lib/crc32c/build/CMakeFiles/CMakeTmp'
Building C object CMakeFiles/cmTC_c6ae6.dir/CheckFunctionExists.c.o
/usr/bin/cc   -DCHECK_FUNCTION_EXISTS=pthread_create   -o CMakeFiles/cmTC_c6ae6.dir/CheckFunctionExists.c.o   -c /usr/share/cmake-3.13/Modules/CheckFunctionExists.c
Linking C executable cmTC_c6ae6
/usr/bin/cmake -E cmake_link_script CMakeFiles/cmTC_c6ae6.dir/link.txt --verbose=1
/usr/bin/cc  -DCHECK_FUNCTION_EXISTS=pthread_create    -rdynamic CMakeFiles/cmTC_c6ae6.dir/CheckFunctionExists.c.o  -o cmTC_c6ae6 -lpthreads 
/usr/bin/ld: cannot find -lpthreads
collect2: error: ld returned 1 exit status
make[1]: *** [CMakeFiles/cmTC_c6ae6.dir/build.make:87: cmTC_c6ae6] Error 1
make[1]: Leaving directory '/usr/lib/crc32c/build/CMakeFiles/CMakeTmp'
make: *** [Makefile:121: cmTC_c6ae6/fast] Error 2


Determining if the include file ext/hash_map exists failed with the following output:
Change Dir: /usr/lib/crc32c/build/CMakeFiles/CMakeTmp

Run Build Command:"/usr/bin/make" "cmTC_4dac8/fast"
/usr/bin/make -f CMakeFiles/cmTC_4dac8.dir/build.make CMakeFiles/cmTC_4dac8.dir/build
make[1]: Entering directory '/usr/lib/crc32c/build/CMakeFiles/CMakeTmp'
Building CXX object CMakeFiles/cmTC_4dac8.dir/CheckIncludeFile.cxx.o
/usr/bin/c++    -Wall -Wextra -Werror -fno-exceptions -fno-rtti    -o CMakeFiles/cmTC_4dac8.dir/CheckIncludeFile.cxx.o -c /usr/lib/crc32c/build/CMakeFiles/CMakeTmp/CheckIncludeFile.cxx
In file included from /usr/include/c++/8/ext/hash_map:60,
                 from /usr/lib/crc32c/build/CMakeFiles/CMakeTmp/CheckIncludeFile.cxx:1:
/usr/include/c++/8/backward/backward_warning.h:32:2: error: #warning This file includes at least one deprecated or antiquated header which may be removed without further notice at a future date. Please use a non-deprecated interface with equivalent functionality instead. For a listing of replacement headers and interfaces, consult the file backward_warning.h. To disable this warning use -Wno-deprecated. [-Werror=cpp]
 #warning \
  ^~~~~~~
cc1plus: all warnings being treated as errors
make[1]: *** [CMakeFiles/cmTC_4dac8.dir/build.make:66: CMakeFiles/cmTC_4dac8.dir/CheckIncludeFile.cxx.o] Error 1
make[1]: Leaving directory '/usr/lib/crc32c/build/CMakeFiles/CMakeTmp'
make: *** [Makefile:121: cmTC_4dac8/fast] Error 2


Determining if the include file ext/hash_set exists failed with the following output:
Change Dir: /usr/lib/crc32c/build/CMakeFiles/CMakeTmp

Run Build Command:"/usr/bin/make" "cmTC_b6763/fast"
/usr/bin/make -f CMakeFiles/cmTC_b6763.dir/build.make CMakeFiles/cmTC_b6763.dir/build
make[1]: Entering directory '/usr/lib/crc32c/build/CMakeFiles/CMakeTmp'
Building CXX object CMakeFiles/cmTC_b6763.dir/CheckIncludeFile.cxx.o
/usr/bin/c++    -Wall -Wextra -Werror -fno-exceptions -fno-rtti    -o CMakeFiles/cmTC_b6763.dir/CheckIncludeFile.cxx.o -c /usr/lib/crc32c/build/CMakeFiles/CMakeTmp/CheckIncludeFile.cxx
In file included from /usr/include/c++/8/ext/hash_set:60,
                 from /usr/lib/crc32c/build/CMakeFiles/CMakeTmp/CheckIncludeFile.cxx:1:
/usr/include/c++/8/backward/backward_warning.h:32:2: error: #warning This file includes at least one deprecated or antiquated header which may be removed without further notice at a future date. Please use a non-deprecated interface with equivalent functionality instead. For a listing of replacement headers and interfaces, consult the file backward_warning.h. To disable this warning use -Wno-deprecated. [-Werror=cpp]
 #warning \
  ^~~~~~~
cc1plus: all warnings being treated as errors
make[1]: *** [CMakeFiles/cmTC_b6763.dir/build.make:66: CMakeFiles/cmTC_b6763.dir/CheckIncludeFile.cxx.o] Error 1
make[1]: Leaving directory '/usr/lib/crc32c/build/CMakeFiles/CMakeTmp'
make: *** [Makefile:121: cmTC_b6763/fast] Error 2


Determining size of unsigned __int16 failed with the following output:
Change Dir: /usr/lib/crc32c/build/CMakeFiles/CMakeTmp

Run Build Command:"/usr/bin/make" "cmTC_3dba6/fast"
/usr/bin/make -f CMakeFiles/cmTC_3dba6.dir/build.make CMakeFiles/cmTC_3dba6.dir/build
make[1]: Entering directory '/usr/lib/crc32c/build/CMakeFiles/CMakeTmp'
Building C object CMakeFiles/cmTC_3dba6.dir/HAVE___UINT16.c.o
/usr/bin/cc    -o CMakeFiles/cmTC_3dba6.dir/HAVE___UINT16.c.o   -c /usr/lib/crc32c/build/CMakeFiles/CheckTypeSize/HAVE___UINT16.c
/usr/lib/crc32c/build/CMakeFiles/CheckTypeSize/HAVE___UINT16.c:23:31: error: expected ‘)’ before ‘__int16’
 #define SIZE (sizeof(unsigned __int16))
                     ~         ^~~~~~~
/usr/lib/crc32c/build/CMakeFiles/CheckTypeSize/HAVE___UINT16.c:25:12: note: in expansion of macro ‘SIZE’
   ('0' + ((SIZE / 10000)%10)),
            ^~~~
/usr/lib/crc32c/build/CMakeFiles/CheckTypeSize/HAVE___UINT16.c:23:31: error: expected ‘)’ before ‘__int16’
 #define SIZE (sizeof(unsigned __int16))
                     ~         ^~~~~~~
/usr/lib/crc32c/build/CMakeFiles/CheckTypeSize/HAVE___UINT16.c:26:12: note: in expansion of macro ‘SIZE’
   ('0' + ((SIZE / 1000)%10)),
            ^~~~
/usr/lib/crc32c/build/CMakeFiles/CheckTypeSize/HAVE___UINT16.c:23:31: error: expected ‘)’ before ‘__int16’
 #define SIZE (sizeof(unsigned __int16))
                     ~         ^~~~~~~
/usr/lib/crc32c/build/CMakeFiles/CheckTypeSize/HAVE___UINT16.c:27:12: note: in expansion of macro ‘SIZE’
   ('0' + ((SIZE / 100)%10)),
            ^~~~
/usr/lib/crc32c/build/CMakeFiles/CheckTypeSize/HAVE___UINT16.c:23:31: error: expected ‘)’ before ‘__int16’
 #define SIZE (sizeof(unsigned __int16))
                     ~         ^~~~~~~
/usr/lib/crc32c/build/CMakeFiles/CheckTypeSize/HAVE___UINT16.c:28:12: note: in expansion of macro ‘SIZE’
   ('0' + ((SIZE / 10)%10)),
            ^~~~
/usr/lib/crc32c/build/CMakeFiles/CheckTypeSize/HAVE___UINT16.c:23:31: error: expected ‘)’ before ‘__int16’
 #define SIZE (sizeof(unsigned __int16))
                     ~         ^~~~~~~
/usr/lib/crc32c/build/CMakeFiles/CheckTypeSize/HAVE___UINT16.c:29:12: note: in expansion of macro ‘SIZE’
   ('0' +  (SIZE    % 10)),
            ^~~~
make[1]: *** [CMakeFiles/cmTC_3dba6.dir/build.make:66: CMakeFiles/cmTC_3dba6.dir/HAVE___UINT16.c.o] Error 1
make[1]: Leaving directory '/usr/lib/crc32c/build/CMakeFiles/CMakeTmp'
make: *** [Makefile:121: cmTC_3dba6/fast] Error 2

/usr/lib/crc32c/build/CMakeFiles/CheckTypeSize/HAVE___UINT16.c:
#include <sys/types.h>
#include <stdint.h>
#include <stddef.h>


#undef KEY
#if defined(__i386)
# define KEY '_','_','i','3','8','6'
#elif defined(__x86_64)
# define KEY '_','_','x','8','6','_','6','4'
#elif defined(__ppc__)
# define KEY '_','_','p','p','c','_','_'
#elif defined(__ppc64__)
# define KEY '_','_','p','p','c','6','4','_','_'
#elif defined(__aarch64__)
# define KEY '_','_','a','a','r','c','h','6','4','_','_'
#elif defined(__ARM_ARCH_7A__)
# define KEY '_','_','A','R','M','_','A','R','C','H','_','7','A','_','_'
#elif defined(__ARM_ARCH_7S__)
# define KEY '_','_','A','R','M','_','A','R','C','H','_','7','S','_','_'
#endif

#define SIZE (sizeof(unsigned __int16))
char info_size[] =  {'I', 'N', 'F', 'O', ':', 's','i','z','e','[',
  ('0' + ((SIZE / 10000)%10)),
  ('0' + ((SIZE / 1000)%10)),
  ('0' + ((SIZE / 100)%10)),
  ('0' + ((SIZE / 10)%10)),
  ('0' +  (SIZE    % 10)),
  ']',
#ifdef KEY
  ' ','k','e','y','[', KEY, ']',
#endif
  '\0'};

#ifdef __CLASSIC_C__
int main(argc, argv) int argc; char *argv[];
#else
int main(int argc, char *argv[])
#endif
{
  int require = 0;
  require += info_size[argc];
  (void)argv;
  return require;
}


Determining if the function dladdr exists failed with the following output:
Change Dir: /usr/lib/crc32c/build/CMakeFiles/CMakeTmp

Run Build Command:"/usr/bin/make" "cmTC_0665e/fast"
/usr/bin/make -f CMakeFiles/cmTC_0665e.dir/build.make CMakeFiles/cmTC_0665e.dir/build
make[1]: Entering directory '/usr/lib/crc32c/build/CMakeFiles/CMakeTmp'
Building C object CMakeFiles/cmTC_0665e.dir/CheckFunctionExists.c.o
/usr/bin/cc   -DCHECK_FUNCTION_EXISTS=dladdr   -o CMakeFiles/cmTC_0665e.dir/CheckFunctionExists.c.o   -c /usr/share/cmake-3.13/Modules/CheckFunctionExists.c
Linking C executable cmTC_0665e
/usr/bin/cmake -E cmake_link_script CMakeFiles/cmTC_0665e.dir/link.txt --verbose=1
/usr/bin/cc  -DCHECK_FUNCTION_EXISTS=dladdr    -rdynamic CMakeFiles/cmTC_0665e.dir/CheckFunctionExists.c.o  -o cmTC_0665e 
/usr/bin/ld: CMakeFiles/cmTC_0665e.dir/CheckFunctionExists.c.o: in function `main':
CheckFunctionExists.c:(.text+0x10): undefined reference to `dladdr'
collect2: error: ld returned 1 exit status
make[1]: *** [CMakeFiles/cmTC_0665e.dir/build.make:87: cmTC_0665e] Error 1
make[1]: Leaving directory '/usr/lib/crc32c/build/CMakeFiles/CMakeTmp'
make: *** [Makefile:121: cmTC_0665e/fast] Error 2


Performing C++ SOURCE FILE Test HAVE_NO_UNNAMED_TYPE_TEMPLATE_ARGS failed with the following output:
Change Dir: /usr/lib/crc32c/build/CMakeFiles/CMakeTmp

Run Build Command:"/usr/bin/make" "cmTC_d1cdb/fast"
/usr/bin/make -f CMakeFiles/cmTC_d1cdb.dir/build.make CMakeFiles/cmTC_d1cdb.dir/build
make[1]: Entering directory '/usr/lib/crc32c/build/CMakeFiles/CMakeTmp'
Building CXX object CMakeFiles/cmTC_d1cdb.dir/src.cxx.o
/usr/bin/c++    -Wall -Wextra -Werror -fno-exceptions -fno-rtti -DHAVE_NO_UNNAMED_TYPE_TEMPLATE_ARGS   -Wunnamed-type-template-args -o CMakeFiles/cmTC_d1cdb.dir/src.cxx.o -c /usr/lib/crc32c/build/CMakeFiles/CMakeTmp/src.cxx
c++: error: unrecognized command line option '-Wunnamed-type-template-args'
make[1]: *** [CMakeFiles/cmTC_d1cdb.dir/build.make:66: CMakeFiles/cmTC_d1cdb.dir/src.cxx.o] Error 1
make[1]: Leaving directory '/usr/lib/crc32c/build/CMakeFiles/CMakeTmp'
make: *** [Makefile:121: cmTC_d1cdb/fast] Error 2

Source file was:
int main() { return 0; }
Determining if the function UnDecorateSymbolName exists in the dbghelp failed with the following output:
Change Dir: /usr/lib/crc32c/build/CMakeFiles/CMakeTmp

Run Build Command:"/usr/bin/make" "cmTC_6a2e9/fast"
/usr/bin/make -f CMakeFiles/cmTC_6a2e9.dir/build.make CMakeFiles/cmTC_6a2e9.dir/build
make[1]: Entering directory '/usr/lib/crc32c/build/CMakeFiles/CMakeTmp'
Building C object CMakeFiles/cmTC_6a2e9.dir/CheckFunctionExists.c.o
/usr/bin/cc   -DCHECK_FUNCTION_EXISTS=UnDecorateSymbolName   -o CMakeFiles/cmTC_6a2e9.dir/CheckFunctionExists.c.o   -c /usr/share/cmake-3.13/Modules/CheckFunctionExists.c
Linking C executable cmTC_6a2e9
/usr/bin/cmake -E cmake_link_script CMakeFiles/cmTC_6a2e9.dir/link.txt --verbose=1
/usr/bin/cc  -DCHECK_FUNCTION_EXISTS=UnDecorateSymbolName    -rdynamic CMakeFiles/cmTC_6a2e9.dir/CheckFunctionExists.c.o  -o cmTC_6a2e9 -ldbghelp 
/usr/bin/ld: cannot find -ldbghelp
collect2: error: ld returned 1 exit status
make[1]: *** [CMakeFiles/cmTC_6a2e9.dir/build.make:87: cmTC_6a2e9] Error 1
make[1]: Leaving directory '/usr/lib/crc32c/build/CMakeFiles/CMakeTmp'
make: *** [Makefile:121: cmTC_6a2e9/fast] Error 2


Performing C SOURCE FILE Test HAVE_RWLOCK failed with the following output:
Change Dir: /usr/lib/crc32c/build/CMakeFiles/CMakeTmp

Run Build Command:"/usr/bin/make" "cmTC_3145c/fast"
/usr/bin/make -f CMakeFiles/cmTC_3145c.dir/build.make CMakeFiles/cmTC_3145c.dir/build
make[1]: Entering directory '/usr/lib/crc32c/build/CMakeFiles/CMakeTmp'
Building C object CMakeFiles/cmTC_3145c.dir/src.c.o
/usr/bin/cc   -DHAVE_RWLOCK   -o CMakeFiles/cmTC_3145c.dir/src.c.o   -c /usr/lib/crc32c/build/CMakeFiles/CMakeTmp/src.c
Linking C executable cmTC_3145c
/usr/bin/cmake -E cmake_link_script CMakeFiles/cmTC_3145c.dir/link.txt --verbose=1
/usr/bin/cc  -DHAVE_RWLOCK    -rdynamic CMakeFiles/cmTC_3145c.dir/src.c.o  -o cmTC_3145c 
/usr/bin/ld: CMakeFiles/cmTC_3145c.dir/src.c.o: in function `main':
src.c:(.text+0x15): undefined reference to `pthread_rwlock_init'
/usr/bin/ld: src.c:(.text+0x21): undefined reference to `pthread_rwlock_rdlock'
collect2: error: ld returned 1 exit status
make[1]: *** [CMakeFiles/cmTC_3145c.dir/build.make:87: cmTC_3145c] Error 1
make[1]: Leaving directory '/usr/lib/crc32c/build/CMakeFiles/CMakeTmp'
make: *** [Makefile:121: cmTC_3145c/fast] Error 2

Source file was:

#define _XOPEN_SOURCE 500
#include <pthread.h>
int main(void)
{
  pthread_rwlock_t l;
  pthread_rwlock_init(&l, NULL);
  pthread_rwlock_rdlock(&l);
  return 0;
}

Performing C SOURCE FILE Test HAVE___DECLSPEC failed with the following output:
Change Dir: /usr/lib/crc32c/build/CMakeFiles/CMakeTmp

Run Build Command:"/usr/bin/make" "cmTC_6d00f/fast"
/usr/bin/make -f CMakeFiles/cmTC_6d00f.dir/build.make CMakeFiles/cmTC_6d00f.dir/build
make[1]: Entering directory '/usr/lib/crc32c/build/CMakeFiles/CMakeTmp'
Building C object CMakeFiles/cmTC_6d00f.dir/src.c.o
/usr/bin/cc   -DHAVE___DECLSPEC   -o CMakeFiles/cmTC_6d00f.dir/src.c.o   -c /usr/lib/crc32c/build/CMakeFiles/CMakeTmp/src.c
/usr/lib/crc32c/build/CMakeFiles/CMakeTmp/src.c:2:1: warning: return type defaults to ‘int’ [-Wimplicit-int]
 __declspec(selectany) int a;
 ^~~~~~~~~~
/usr/lib/crc32c/build/CMakeFiles/CMakeTmp/src.c: In function ‘__declspec’:
/usr/lib/crc32c/build/CMakeFiles/CMakeTmp/src.c:3:16: error: expected ‘=’, ‘,’, ‘;’, ‘asm’ or ‘__attribute__’ before ‘{’ token
 int main(void) { return 0; }
                ^
/usr/lib/crc32c/build/CMakeFiles/CMakeTmp/src.c:2:1: warning: type of ‘selectany’ defaults to ‘int’ [-Wimplicit-int]
 __declspec(selectany) int a;
 ^~~~~~~~~~
/usr/lib/crc32c/build/CMakeFiles/CMakeTmp/src.c:2:27: error: declaration for parameter ‘a’ but no such parameter
 __declspec(selectany) int a;
                           ^
/usr/lib/crc32c/build/CMakeFiles/CMakeTmp/src.c:4: error: expected ‘{’ at end of input
 
 
make[1]: *** [CMakeFiles/cmTC_6d00f.dir/build.make:66: CMakeFiles/cmTC_6d00f.dir/src.c.o] Error 1
make[1]: Leaving directory '/usr/lib/crc32c/build/CMakeFiles/CMakeTmp'
make: *** [Makefile:121: cmTC_6d00f/fast] Error 2

Source file was:

__declspec(selectany) int a;
int main(void) { return 0; }

Performing C++ SOURCE FILE Test STL_NO_NAMESPACE failed with the following output:
Change Dir: /usr/lib/crc32c/build/CMakeFiles/CMakeTmp

Run Build Command:"/usr/bin/make" "cmTC_096c2/fast"
/usr/bin/make -f CMakeFiles/cmTC_096c2.dir/build.make CMakeFiles/cmTC_096c2.dir/build
make[1]: Entering directory '/usr/lib/crc32c/build/CMakeFiles/CMakeTmp'
Building CXX object CMakeFiles/cmTC_096c2.dir/src.cxx.o
/usr/bin/c++    -Wall -Wextra -Werror -fno-exceptions -fno-rtti -DSTL_NO_NAMESPACE   -o CMakeFiles/cmTC_096c2.dir/src.cxx.o -c /usr/lib/crc32c/build/CMakeFiles/CMakeTmp/src.cxx
/usr/lib/crc32c/build/CMakeFiles/CMakeTmp/src.cxx:3:1: error: ‘vector’ does not name a type
 vector<int> t; int main() { }
 ^~~~~~
make[1]: *** [CMakeFiles/cmTC_096c2.dir/build.make:66: CMakeFiles/cmTC_096c2.dir/src.cxx.o] Error 1
make[1]: Leaving directory '/usr/lib/crc32c/build/CMakeFiles/CMakeTmp'
make: *** [Makefile:121: cmTC_096c2/fast] Error 2

Source file was:

#include <vector>
vector<int> t; int main() { }

Performing C++ SOURCE FILE Test HAVE_MSVC_TLS failed with the following output:
Change Dir: /usr/lib/crc32c/build/CMakeFiles/CMakeTmp

Run Build Command:"/usr/bin/make" "cmTC_e4b73/fast"
/usr/bin/make -f CMakeFiles/cmTC_e4b73.dir/build.make CMakeFiles/cmTC_e4b73.dir/build
make[1]: Entering directory '/usr/lib/crc32c/build/CMakeFiles/CMakeTmp'
Building CXX object CMakeFiles/cmTC_e4b73.dir/src.cxx.o
/usr/bin/c++    -Wall -Wextra -Werror -fno-exceptions -fno-rtti -DHAVE_MSVC_TLS   -o CMakeFiles/cmTC_e4b73.dir/src.cxx.o -c /usr/lib/crc32c/build/CMakeFiles/CMakeTmp/src.cxx
/usr/lib/crc32c/build/CMakeFiles/CMakeTmp/src.cxx:2:11: error: expected constructor, destructor, or type conversion before ‘(’ token
 __declspec(thread) int tls;
           ^
make[1]: *** [CMakeFiles/cmTC_e4b73.dir/build.make:66: CMakeFiles/cmTC_e4b73.dir/src.cxx.o] Error 1
make[1]: Leaving directory '/usr/lib/crc32c/build/CMakeFiles/CMakeTmp'
make: *** [Makefile:121: cmTC_e4b73/fast] Error 2

Source file was:

__declspec(thread) int tls;
int main() { }

